Compilación iniciada a las 5/15/2016 10:24:05 PM.
     1>Proyecto "C:\Users\Emmanuel\Desktop\graficas\Juego-OpenGL\PlantillaOpenGL01\PlantillaOpenGL01.vcxproj" en el nodo 2 (Build destinos).
     1>ClCompile:
         C:\Program Files (x86)\Microsoft Visual Studio 11.0\VC\bin\CL.exe /c /IC:\dev\opengl\freeglut\include /I"C:\dev\opengl\glew-1.7.0\include" /ZI /nologo /W3 /WX- /Od /Oy- /D WIN32 /D _DEBUG /D _CONSOLE /D _UNICODE /D UNICODE /Gm /EHsc /RTC1 /MDd /GS /fp:precise /Zc:wchar_t /Zc:forScope /Fo"Debug\\" /Fd"Debug\vc110.pdb" /Gd /TP /analyze- /errorReport:prompt main.cpp
         main.cpp
     1>c:\users\emmanuel\desktop\graficas\juego-opengl\plantillaopengl01\main.cpp(113): warning C4244: 'argumento' : conversión de 'double' a 'GLfloat'; posible pérdida de datos
     1>c:\users\emmanuel\desktop\graficas\juego-opengl\plantillaopengl01\main.cpp(120): warning C4305: 'argumento' : truncamiento de 'double' a 'GLfloat'
     1>c:\users\emmanuel\desktop\graficas\juego-opengl\plantillaopengl01\main.cpp(120): warning C4244: 'argumento' : conversión de 'int' a 'GLfloat'; posible pérdida de datos
     1>c:\users\emmanuel\desktop\graficas\juego-opengl\plantillaopengl01\main.cpp(121): warning C4305: 'argumento' : truncamiento de 'double' a 'GLfloat'
     1>c:\users\emmanuel\desktop\graficas\juego-opengl\plantillaopengl01\main.cpp(121): warning C4244: 'argumento' : conversión de 'int' a 'GLfloat'; posible pérdida de datos
     1>c:\users\emmanuel\desktop\graficas\juego-opengl\plantillaopengl01\main.cpp(123): warning C4244: 'argumento' : conversión de 'int' a 'GLfloat'; posible pérdida de datos
     1>c:\users\emmanuel\desktop\graficas\juego-opengl\plantillaopengl01\main.cpp(123): warning C4305: 'argumento' : truncamiento de 'double' a 'GLfloat'
     1>c:\users\emmanuel\desktop\graficas\juego-opengl\plantillaopengl01\main.cpp(124): warning C4244: 'argumento' : conversión de 'int' a 'GLfloat'; posible pérdida de datos
     1>c:\users\emmanuel\desktop\graficas\juego-opengl\plantillaopengl01\main.cpp(124): warning C4305: 'argumento' : truncamiento de 'double' a 'GLfloat'
     1>c:\users\emmanuel\desktop\graficas\juego-opengl\plantillaopengl01\main.cpp(126): warning C4305: 'argumento' : truncamiento de 'double' a 'GLfloat'
     1>c:\users\emmanuel\desktop\graficas\juego-opengl\plantillaopengl01\main.cpp(126): warning C4244: 'argumento' : conversión de 'int' a 'GLfloat'; posible pérdida de datos
     1>c:\users\emmanuel\desktop\graficas\juego-opengl\plantillaopengl01\main.cpp(127): warning C4305: 'argumento' : truncamiento de 'double' a 'GLfloat'
     1>c:\users\emmanuel\desktop\graficas\juego-opengl\plantillaopengl01\main.cpp(127): warning C4244: 'argumento' : conversión de 'int' a 'GLfloat'; posible pérdida de datos
     1>c:\users\emmanuel\desktop\graficas\juego-opengl\plantillaopengl01\main.cpp(129): warning C4244: 'argumento' : conversión de 'int' a 'GLfloat'; posible pérdida de datos
     1>c:\users\emmanuel\desktop\graficas\juego-opengl\plantillaopengl01\main.cpp(129): warning C4305: 'argumento' : truncamiento de 'double' a 'GLfloat'
     1>c:\users\emmanuel\desktop\graficas\juego-opengl\plantillaopengl01\main.cpp(130): warning C4244: 'argumento' : conversión de 'int' a 'GLfloat'; posible pérdida de datos
     1>c:\users\emmanuel\desktop\graficas\juego-opengl\plantillaopengl01\main.cpp(130): warning C4305: 'argumento' : truncamiento de 'double' a 'GLfloat'
     1>c:\users\emmanuel\desktop\graficas\juego-opengl\plantillaopengl01\main.cpp(152): warning C4305: 'argumento' : truncamiento de 'double' a 'GLfloat'
     1>c:\users\emmanuel\desktop\graficas\juego-opengl\plantillaopengl01\main.cpp(154): warning C4305: 'argumento' : truncamiento de 'double' a 'GLfloat'
     1>c:\users\emmanuel\desktop\graficas\juego-opengl\plantillaopengl01\main.cpp(156): warning C4305: 'argumento' : truncamiento de 'double' a 'GLfloat'
     1>c:\users\emmanuel\desktop\graficas\juego-opengl\plantillaopengl01\main.cpp(166): warning C4305: 'argumento' : truncamiento de 'double' a 'GLfloat'
     1>c:\users\emmanuel\desktop\graficas\juego-opengl\plantillaopengl01\main.cpp(168): warning C4305: 'argumento' : truncamiento de 'double' a 'GLfloat'
     1>c:\users\emmanuel\desktop\graficas\juego-opengl\plantillaopengl01\main.cpp(221): warning C4244: 'inicializando' : conversión de 'double' a 'float'; posible pérdida de datos
     1>c:\users\emmanuel\desktop\graficas\juego-opengl\plantillaopengl01\main.cpp(234): warning C4244: 'inicializando' : conversión de 'double' a 'float'; posible pérdida de datos
     1>c:\users\emmanuel\desktop\graficas\juego-opengl\plantillaopengl01\main.cpp(270): warning C4244: '=' : conversión de 'double' a 'float'; posible pérdida de datos
     1>c:\users\emmanuel\desktop\graficas\juego-opengl\plantillaopengl01\main.cpp(274): warning C4244: '=' : conversión de 'double' a 'float'; posible pérdida de datos
     1>c:\users\emmanuel\desktop\graficas\juego-opengl\plantillaopengl01\main.cpp(275): warning C4244: '=' : conversión de 'double' a 'float'; posible pérdida de datos
     1>c:\users\emmanuel\desktop\graficas\juego-opengl\plantillaopengl01\main.cpp(298): warning C4244: 'argumento' : conversión de 'double' a 'GLfloat'; posible pérdida de datos
     1>c:\users\emmanuel\desktop\graficas\juego-opengl\plantillaopengl01\main.cpp(299): warning C4305: 'argumento' : truncamiento de 'double' a 'GLfloat'
     1>c:\users\emmanuel\desktop\graficas\juego-opengl\plantillaopengl01\main.cpp(303): warning C4244: 'argumento' : conversión de 'double' a 'GLfloat'; posible pérdida de datos
     1>c:\users\emmanuel\desktop\graficas\juego-opengl\plantillaopengl01\main.cpp(304): warning C4305: 'argumento' : truncamiento de 'double' a 'GLfloat'
     1>c:\users\emmanuel\desktop\graficas\juego-opengl\plantillaopengl01\main.cpp(308): warning C4244: 'argumento' : conversión de 'double' a 'GLfloat'; posible pérdida de datos
     1>c:\users\emmanuel\desktop\graficas\juego-opengl\plantillaopengl01\main.cpp(309): warning C4305: 'argumento' : truncamiento de 'double' a 'GLfloat'
     1>c:\users\emmanuel\desktop\graficas\juego-opengl\plantillaopengl01\main.cpp(313): warning C4244: 'argumento' : conversión de 'double' a 'GLfloat'; posible pérdida de datos
     1>c:\users\emmanuel\desktop\graficas\juego-opengl\plantillaopengl01\main.cpp(314): warning C4305: 'argumento' : truncamiento de 'double' a 'GLfloat'
     1>c:\users\emmanuel\desktop\graficas\juego-opengl\plantillaopengl01\main.cpp(319): warning C4305: 'argumento' : truncamiento de 'double' a 'GLfloat'
     1>c:\users\emmanuel\desktop\graficas\juego-opengl\plantillaopengl01\main.cpp(323): warning C4244: 'argumento' : conversión de 'double' a 'GLfloat'; posible pérdida de datos
     1>c:\users\emmanuel\desktop\graficas\juego-opengl\plantillaopengl01\main.cpp(324): warning C4305: 'argumento' : truncamiento de 'double' a 'GLfloat'
     1>c:\users\emmanuel\desktop\graficas\juego-opengl\plantillaopengl01\main.cpp(341): warning C4244: 'argumento' : conversión de 'double' a 'GLfloat'; posible pérdida de datos
     1>c:\users\emmanuel\desktop\graficas\juego-opengl\plantillaopengl01\main.cpp(342): warning C4305: 'argumento' : truncamiento de 'double' a 'GLfloat'
     1>c:\users\emmanuel\desktop\graficas\juego-opengl\plantillaopengl01\main.cpp(346): warning C4244: 'argumento' : conversión de 'double' a 'GLfloat'; posible pérdida de datos
     1>c:\users\emmanuel\desktop\graficas\juego-opengl\plantillaopengl01\main.cpp(347): warning C4305: 'argumento' : truncamiento de 'double' a 'GLfloat'
     1>c:\users\emmanuel\desktop\graficas\juego-opengl\plantillaopengl01\main.cpp(351): warning C4244: 'argumento' : conversión de 'double' a 'GLfloat'; posible pérdida de datos
     1>c:\users\emmanuel\desktop\graficas\juego-opengl\plantillaopengl01\main.cpp(352): warning C4305: 'argumento' : truncamiento de 'double' a 'GLfloat'
     1>c:\users\emmanuel\desktop\graficas\juego-opengl\plantillaopengl01\main.cpp(356): warning C4244: 'argumento' : conversión de 'double' a 'GLfloat'; posible pérdida de datos
     1>c:\users\emmanuel\desktop\graficas\juego-opengl\plantillaopengl01\main.cpp(357): warning C4305: 'argumento' : truncamiento de 'double' a 'GLfloat'
     1>c:\users\emmanuel\desktop\graficas\juego-opengl\plantillaopengl01\main.cpp(362): warning C4305: 'argumento' : truncamiento de 'double' a 'GLfloat'
     1>c:\users\emmanuel\desktop\graficas\juego-opengl\plantillaopengl01\main.cpp(366): warning C4244: 'argumento' : conversión de 'double' a 'GLfloat'; posible pérdida de datos
     1>c:\users\emmanuel\desktop\graficas\juego-opengl\plantillaopengl01\main.cpp(367): warning C4305: 'argumento' : truncamiento de 'double' a 'GLfloat'
     1>c:\users\emmanuel\desktop\graficas\juego-opengl\plantillaopengl01\main.cpp(454): warning C4305: '+=' : truncamiento de 'double' a 'float'
     1>c:\users\emmanuel\desktop\graficas\juego-opengl\plantillaopengl01\main.cpp(455): warning C4305: '+=' : truncamiento de 'double' a 'float'
     1>c:\users\emmanuel\desktop\graficas\juego-opengl\plantillaopengl01\main.cpp(460): warning C4244: '=' : conversión de 'double' a 'float'; posible pérdida de datos
     1>c:\users\emmanuel\desktop\graficas\juego-opengl\plantillaopengl01\main.cpp(529): warning C4305: '+=' : truncamiento de 'double' a 'float'
     1>c:\users\emmanuel\desktop\graficas\juego-opengl\plantillaopengl01\main.cpp(530): warning C4305: '+=' : truncamiento de 'double' a 'float'
     1>c:\users\emmanuel\desktop\graficas\juego-opengl\plantillaopengl01\main.cpp(541): warning C4244: '=' : conversión de 'double' a 'float'; posible pérdida de datos
     1>c:\users\emmanuel\desktop\graficas\juego-opengl\plantillaopengl01\main.cpp(591): warning C4305: '=' : truncamiento de 'double' a 'float'
     1>c:\users\emmanuel\desktop\graficas\juego-opengl\plantillaopengl01\main.cpp(592): warning C4305: '=' : truncamiento de 'double' a 'float'
     1>c:\users\emmanuel\desktop\graficas\juego-opengl\plantillaopengl01\main.cpp(593): warning C4305: '=' : truncamiento de 'double' a 'float'
     1>c:\users\emmanuel\desktop\graficas\juego-opengl\plantillaopengl01\main.cpp(601): warning C4244: 'argumento' : conversión de 'time_t' a 'unsigned int'; posible pérdida de datos
     1>c:\users\emmanuel\desktop\graficas\juego-opengl\plantillaopengl01\main.cpp(705): warning C4244: '=' : conversión de 'double' a 'float'; posible pérdida de datos
     1>c:\users\emmanuel\desktop\graficas\juego-opengl\plantillaopengl01\main.cpp(740): warning C4244: 'inicializando' : conversión de 'double' a 'float'; posible pérdida de datos
     1>c:\users\emmanuel\desktop\graficas\juego-opengl\plantillaopengl01\main.cpp(754): warning C4244: 'inicializando' : conversión de 'double' a 'float'; posible pérdida de datos
     1>c:\users\emmanuel\desktop\graficas\juego-opengl\plantillaopengl01\main.cpp(785): warning C4305: 'argumento' : truncamiento de 'double' a 'GLfloat'
     1>c:\users\emmanuel\desktop\graficas\juego-opengl\plantillaopengl01\main.cpp(790): warning C4244: '=' : conversión de 'float' a 'int'; posible pérdida de datos
     1>c:\users\emmanuel\desktop\graficas\juego-opengl\plantillaopengl01\main.cpp(796): warning C4244: '=' : conversión de 'float' a 'int'; posible pérdida de datos
     1>c:\users\emmanuel\desktop\graficas\juego-opengl\plantillaopengl01\main.cpp(871): warning C4244: 'argumento' : conversión de 'double' a 'float'; posible pérdida de datos
     1>c:\users\emmanuel\desktop\graficas\juego-opengl\plantillaopengl01\main.cpp(882): warning C4244: 'argumento' : conversión de 'double' a 'float'; posible pérdida de datos
     1>c:\users\emmanuel\desktop\graficas\juego-opengl\plantillaopengl01\main.cpp(892): warning C4244: 'argumento' : conversión de 'double' a 'float'; posible pérdida de datos
     1>c:\users\emmanuel\desktop\graficas\juego-opengl\plantillaopengl01\main.cpp(901): warning C4244: 'argumento' : conversión de 'double' a 'float'; posible pérdida de datos
     1>c:\users\emmanuel\desktop\graficas\juego-opengl\plantillaopengl01\main.cpp(918): warning C4244: 'inicializando' : conversión de 'double' a 'float'; posible pérdida de datos
     1>c:\users\emmanuel\desktop\graficas\juego-opengl\plantillaopengl01\main.cpp(919): warning C4244: 'inicializando' : conversión de 'double' a 'float'; posible pérdida de datos
     1>c:\users\emmanuel\desktop\graficas\juego-opengl\plantillaopengl01\main.cpp(946): warning C4244: '=' : conversión de 'double' a 'float'; posible pérdida de datos
     1>c:\users\emmanuel\desktop\graficas\juego-opengl\plantillaopengl01\main.cpp(950): warning C4244: '=' : conversión de 'double' a 'float'; posible pérdida de datos
     1>c:\users\emmanuel\desktop\graficas\juego-opengl\plantillaopengl01\main.cpp(956): warning C4244: '=' : conversión de 'double' a 'float'; posible pérdida de datos
     1>c:\users\emmanuel\desktop\graficas\juego-opengl\plantillaopengl01\main.cpp(961): warning C4244: 'argumento' : conversión de 'double' a 'float'; posible pérdida de datos
     1>c:\users\emmanuel\desktop\graficas\juego-opengl\plantillaopengl01\main.cpp(998): warning C4305: '=' : truncamiento de 'double' a 'float'
     1>c:\users\emmanuel\desktop\graficas\juego-opengl\plantillaopengl01\main.cpp(999): warning C4305: '=' : truncamiento de 'double' a 'float'
     1>c:\users\emmanuel\desktop\graficas\juego-opengl\plantillaopengl01\main.cpp(1006): warning C4305: 'argumento' : truncamiento de 'double' a 'float'
     1>c:\users\emmanuel\desktop\graficas\juego-opengl\plantillaopengl01\main.cpp(1036): warning C4305: 'argumento' : truncamiento de 'double' a 'float'
       Link:
         C:\Program Files (x86)\Microsoft Visual Studio 11.0\VC\bin\link.exe /ERRORREPORT:PROMPT /OUT:"C:\Users\Emmanuel\Desktop\graficas\Juego-OpenGL\Debug\PlantillaOpenGL01.exe" /INCREMENTAL /NOLOGO /LIBPATH:"C:\Program Files (x86)\Windows Kits\8.1\Lib\winv6.3\um\x86" /LIBPATH:C:\dev\opengl\freeglut\lib /LIBPATH:"C:\dev\opengl\glew-1.7.0\lib" glew32.lib freeglut.lib kernel32.lib user32.lib gdi32.lib winspool.lib comdlg32.lib advapi32.lib shell32.lib ole32.lib oleaut32.lib uuid.lib odbc32.lib odbccp32.lib /MANIFEST /MANIFESTUAC:"level='asInvoker' uiAccess='false'" /manifest:embed /DEBUG /PDB:"C:\Users\Emmanuel\Desktop\graficas\Juego-OpenGL\Debug\PlantillaOpenGL01.pdb" /SUBSYSTEM:CONSOLE /TLBID:1 /DYNAMICBASE /NXCOMPAT /IMPLIB:"C:\Users\Emmanuel\Desktop\graficas\Juego-OpenGL\Debug\PlantillaOpenGL01.lib" /MACHINE:X86 Debug\main.obj
         PlantillaOpenGL01.vcxproj -> C:\Users\Emmanuel\Desktop\graficas\Juego-OpenGL\Debug\PlantillaOpenGL01.exe
     1>Compilación del proyecto terminada "C:\Users\Emmanuel\Desktop\graficas\Juego-OpenGL\PlantillaOpenGL01\PlantillaOpenGL01.vcxproj" (Build destinos).

Compilación correcta.

Tiempo transcurrido 00:00:06.67
