Compilación iniciada a las 5/3/2016 8:43:05 PM.
     1>Proyecto "C:\Users\Emmanuel\Desktop\graficas\PlantillaOpenGL01\PlantillaOpenGL01\PlantillaOpenGL01.vcxproj" en el nodo 2 (Build destinos).
     1>ClCompile:
         C:\Program Files (x86)\Microsoft Visual Studio 11.0\VC\bin\CL.exe /c /IC:\dev\opengl\freeglut\include /I"C:\dev\opengl\glew-1.7.0\include" /Zi /nologo /W3 /WX- /O2 /Oi /Oy- /GL /D WIN32 /D NDEBUG /D _CONSOLE /D _UNICODE /D UNICODE /Gm- /EHsc /MD /GS /Gy /fp:precise /Zc:wchar_t /Zc:forScope /Fo"Release\\" /Fd"Release\vc110.pdb" /Gd /TP /analyze- /errorReport:prompt main.cpp
         main.cpp
     1>main.cpp(28): warning C4244: 'argumento' : conversión de 'double' a 'GLfloat'; posible pérdida de datos
     1>main.cpp(35): warning C4305: 'argumento' : truncamiento de 'double' a 'GLfloat'
     1>main.cpp(35): warning C4244: 'argumento' : conversión de 'int' a 'GLfloat'; posible pérdida de datos
     1>main.cpp(36): warning C4305: 'argumento' : truncamiento de 'double' a 'GLfloat'
     1>main.cpp(36): warning C4244: 'argumento' : conversión de 'int' a 'GLfloat'; posible pérdida de datos
     1>main.cpp(38): warning C4244: 'argumento' : conversión de 'int' a 'GLfloat'; posible pérdida de datos
     1>main.cpp(38): warning C4305: 'argumento' : truncamiento de 'double' a 'GLfloat'
     1>main.cpp(39): warning C4244: 'argumento' : conversión de 'int' a 'GLfloat'; posible pérdida de datos
     1>main.cpp(39): warning C4305: 'argumento' : truncamiento de 'double' a 'GLfloat'
     1>main.cpp(41): warning C4305: 'argumento' : truncamiento de 'double' a 'GLfloat'
     1>main.cpp(41): warning C4244: 'argumento' : conversión de 'int' a 'GLfloat'; posible pérdida de datos
     1>main.cpp(42): warning C4305: 'argumento' : truncamiento de 'double' a 'GLfloat'
     1>main.cpp(42): warning C4244: 'argumento' : conversión de 'int' a 'GLfloat'; posible pérdida de datos
     1>main.cpp(44): warning C4244: 'argumento' : conversión de 'int' a 'GLfloat'; posible pérdida de datos
     1>main.cpp(44): warning C4305: 'argumento' : truncamiento de 'double' a 'GLfloat'
     1>main.cpp(45): warning C4244: 'argumento' : conversión de 'int' a 'GLfloat'; posible pérdida de datos
     1>main.cpp(45): warning C4305: 'argumento' : truncamiento de 'double' a 'GLfloat'
     1>main.cpp(339): warning C4244: '=' : conversión de 'float' a 'int'; posible pérdida de datos
     1>main.cpp(346): warning C4244: '=' : conversión de 'float' a 'int'; posible pérdida de datos
     1>main.cpp(365): warning C4244: 'argumento' : conversión de 'int' a 'GLfloat'; posible pérdida de datos
     1>main.cpp(384): warning C4244: 'argumento' : conversión de 'int' a 'GLfloat'; posible pérdida de datos
     1>main.cpp(391): warning C4305: 'argumento' : truncamiento de 'double' a 'GLfloat'
     1>main.cpp(404): warning C4244: 'argumento' : conversión de 'int' a 'GLfloat'; posible pérdida de datos
     1>main.cpp(423): warning C4244: 'argumento' : conversión de 'int' a 'GLfloat'; posible pérdida de datos
     1>main.cpp(442): warning C4244: 'argumento' : conversión de 'int' a 'GLfloat'; posible pérdida de datos
     1>main.cpp(449): warning C4305: 'argumento' : truncamiento de 'double' a 'GLfloat'
     1>main.cpp(472): warning C4244: 'argumento' : conversión de 'int' a 'GLfloat'; posible pérdida de datos
     1>main.cpp(492): warning C4244: 'argumento' : conversión de 'int' a 'GLfloat'; posible pérdida de datos
     1>main.cpp(511): warning C4244: 'argumento' : conversión de 'int' a 'GLfloat'; posible pérdida de datos
     1>main.cpp(518): warning C4305: 'argumento' : truncamiento de 'double' a 'GLfloat'
     1>main.cpp(532): warning C4305: 'argumento' : truncamiento de 'double' a 'GLfloat'
     1>main.cpp(534): warning C4305: 'argumento' : truncamiento de 'double' a 'GLfloat'
     1>main.cpp(536): warning C4305: 'argumento' : truncamiento de 'double' a 'GLfloat'
     1>main.cpp(538): warning C4305: 'argumento' : truncamiento de 'double' a 'GLfloat'
     1>main.cpp(540): warning C4305: 'argumento' : truncamiento de 'double' a 'GLfloat'
     1>main.cpp(543): warning C4305: 'argumento' : truncamiento de 'double' a 'float'
     1>main.cpp(552): warning C4244: 'argumento' : conversión de 'int' a 'GLfloat'; posible pérdida de datos
     1>main.cpp(571): warning C4244: 'argumento' : conversión de 'int' a 'GLfloat'; posible pérdida de datos
     1>main.cpp(590): warning C4244: 'argumento' : conversión de 'int' a 'GLfloat'; posible pérdida de datos
     1>main.cpp(598): warning C4305: 'argumento' : truncamiento de 'double' a 'GLfloat'
     1>main.cpp(627): warning C4244: 'argumento' : conversión de 'int' a 'GLfloat'; posible pérdida de datos
     1>main.cpp(646): warning C4244: 'argumento' : conversión de 'int' a 'GLfloat'; posible pérdida de datos
     1>main.cpp(666): warning C4244: 'argumento' : conversión de 'int' a 'GLfloat'; posible pérdida de datos
     1>main.cpp(674): warning C4305: 'argumento' : truncamiento de 'double' a 'GLfloat'
       Link:
         C:\Program Files (x86)\Microsoft Visual Studio 11.0\VC\bin\link.exe /ERRORREPORT:PROMPT /OUT:"C:\Users\Emmanuel\Desktop\graficas\PlantillaOpenGL01\Release\PlantillaOpenGL01.exe" /INCREMENTAL:NO /NOLOGO /LIBPATH:C:\dev\opengl\freeglut\lib /LIBPATH:"C:\dev\opengl\glew-1.7.0\lib" glew32.lib freeglut.lib kernel32.lib user32.lib gdi32.lib winspool.lib comdlg32.lib advapi32.lib shell32.lib ole32.lib oleaut32.lib uuid.lib odbc32.lib odbccp32.lib /MANIFEST /MANIFESTUAC:"level='asInvoker' uiAccess='false'" /manifest:embed /DEBUG /PDB:"C:\Users\Emmanuel\Desktop\graficas\PlantillaOpenGL01\Release\PlantillaOpenGL01.pdb" /SUBSYSTEM:CONSOLE /OPT:REF /OPT:ICF /LTCG /TLBID:1 /DYNAMICBASE /NXCOMPAT /IMPLIB:"C:\Users\Emmanuel\Desktop\graficas\PlantillaOpenGL01\Release\PlantillaOpenGL01.lib" /MACHINE:X86 /SAFESEH Release\main.obj
         Generando código
         Generación de código finalizada
         PlantillaOpenGL01.vcxproj -> C:\Users\Emmanuel\Desktop\graficas\PlantillaOpenGL01\Release\PlantillaOpenGL01.exe
     1>Compilación del proyecto terminada "C:\Users\Emmanuel\Desktop\graficas\PlantillaOpenGL01\PlantillaOpenGL01\PlantillaOpenGL01.vcxproj" (Build destinos).

Compilación correcta.

Tiempo transcurrido 00:00:06.74
