Compilación iniciada a las 5/12/2016 3:08:08 PM.
     1>Proyecto "C:\Users\Emmanuel\Desktop\graficas\Juego-OpenGL\PlantillaOpenGL01\PlantillaOpenGL01.vcxproj" en el nodo 2 (Build destinos).
     1>ClCompile:
         C:\Program Files (x86)\Microsoft Visual Studio 11.0\VC\bin\CL.exe /c /IC:\dev\opengl\freeglut\include /I"C:\dev\opengl\glew-1.7.0\include" /ZI /nologo /W3 /WX- /Od /Oy- /D WIN32 /D _DEBUG /D _CONSOLE /D _UNICODE /D UNICODE /Gm /EHsc /RTC1 /MDd /GS /fp:precise /Zc:wchar_t /Zc:forScope /Fo"Debug\\" /Fd"Debug\vc110.pdb" /Gd /TP /analyze- /errorReport:prompt main.cpp
         main.cpp
     1>c:\users\emmanuel\desktop\graficas\juego-opengl\plantillaopengl01\main.cpp(64): warning C4305: 'inicializando' : truncamiento de 'double' a 'float'
     1>c:\users\emmanuel\desktop\graficas\juego-opengl\plantillaopengl01\main.cpp(65): warning C4305: 'inicializando' : truncamiento de 'double' a 'float'
     1>c:\users\emmanuel\desktop\graficas\juego-opengl\plantillaopengl01\main.cpp(85): warning C4244: 'argumento' : conversión de 'double' a 'GLfloat'; posible pérdida de datos
     1>c:\users\emmanuel\desktop\graficas\juego-opengl\plantillaopengl01\main.cpp(92): warning C4305: 'argumento' : truncamiento de 'double' a 'GLfloat'
     1>c:\users\emmanuel\desktop\graficas\juego-opengl\plantillaopengl01\main.cpp(92): warning C4244: 'argumento' : conversión de 'int' a 'GLfloat'; posible pérdida de datos
     1>c:\users\emmanuel\desktop\graficas\juego-opengl\plantillaopengl01\main.cpp(93): warning C4305: 'argumento' : truncamiento de 'double' a 'GLfloat'
     1>c:\users\emmanuel\desktop\graficas\juego-opengl\plantillaopengl01\main.cpp(93): warning C4244: 'argumento' : conversión de 'int' a 'GLfloat'; posible pérdida de datos
     1>c:\users\emmanuel\desktop\graficas\juego-opengl\plantillaopengl01\main.cpp(95): warning C4244: 'argumento' : conversión de 'int' a 'GLfloat'; posible pérdida de datos
     1>c:\users\emmanuel\desktop\graficas\juego-opengl\plantillaopengl01\main.cpp(95): warning C4305: 'argumento' : truncamiento de 'double' a 'GLfloat'
     1>c:\users\emmanuel\desktop\graficas\juego-opengl\plantillaopengl01\main.cpp(96): warning C4244: 'argumento' : conversión de 'int' a 'GLfloat'; posible pérdida de datos
     1>c:\users\emmanuel\desktop\graficas\juego-opengl\plantillaopengl01\main.cpp(96): warning C4305: 'argumento' : truncamiento de 'double' a 'GLfloat'
     1>c:\users\emmanuel\desktop\graficas\juego-opengl\plantillaopengl01\main.cpp(98): warning C4305: 'argumento' : truncamiento de 'double' a 'GLfloat'
     1>c:\users\emmanuel\desktop\graficas\juego-opengl\plantillaopengl01\main.cpp(98): warning C4244: 'argumento' : conversión de 'int' a 'GLfloat'; posible pérdida de datos
     1>c:\users\emmanuel\desktop\graficas\juego-opengl\plantillaopengl01\main.cpp(99): warning C4305: 'argumento' : truncamiento de 'double' a 'GLfloat'
     1>c:\users\emmanuel\desktop\graficas\juego-opengl\plantillaopengl01\main.cpp(99): warning C4244: 'argumento' : conversión de 'int' a 'GLfloat'; posible pérdida de datos
     1>c:\users\emmanuel\desktop\graficas\juego-opengl\plantillaopengl01\main.cpp(101): warning C4244: 'argumento' : conversión de 'int' a 'GLfloat'; posible pérdida de datos
     1>c:\users\emmanuel\desktop\graficas\juego-opengl\plantillaopengl01\main.cpp(101): warning C4305: 'argumento' : truncamiento de 'double' a 'GLfloat'
     1>c:\users\emmanuel\desktop\graficas\juego-opengl\plantillaopengl01\main.cpp(102): warning C4244: 'argumento' : conversión de 'int' a 'GLfloat'; posible pérdida de datos
     1>c:\users\emmanuel\desktop\graficas\juego-opengl\plantillaopengl01\main.cpp(102): warning C4305: 'argumento' : truncamiento de 'double' a 'GLfloat'
     1>c:\users\emmanuel\desktop\graficas\juego-opengl\plantillaopengl01\main.cpp(122): warning C4305: 'argumento' : truncamiento de 'double' a 'GLfloat'
     1>c:\users\emmanuel\desktop\graficas\juego-opengl\plantillaopengl01\main.cpp(124): warning C4305: 'argumento' : truncamiento de 'double' a 'GLfloat'
     1>c:\users\emmanuel\desktop\graficas\juego-opengl\plantillaopengl01\main.cpp(126): warning C4305: 'argumento' : truncamiento de 'double' a 'GLfloat'
     1>c:\users\emmanuel\desktop\graficas\juego-opengl\plantillaopengl01\main.cpp(136): warning C4305: 'argumento' : truncamiento de 'double' a 'GLfloat'
     1>c:\users\emmanuel\desktop\graficas\juego-opengl\plantillaopengl01\main.cpp(138): warning C4305: 'argumento' : truncamiento de 'double' a 'GLfloat'
     1>c:\users\emmanuel\desktop\graficas\juego-opengl\plantillaopengl01\main.cpp(197): warning C4244: 'inicializando' : conversión de 'double' a 'float'; posible pérdida de datos
     1>c:\users\emmanuel\desktop\graficas\juego-opengl\plantillaopengl01\main.cpp(211): warning C4244: 'argumento' : conversión de 'double' a 'GLfloat'; posible pérdida de datos
     1>c:\users\emmanuel\desktop\graficas\juego-opengl\plantillaopengl01\main.cpp(212): warning C4305: 'argumento' : truncamiento de 'double' a 'GLfloat'
     1>c:\users\emmanuel\desktop\graficas\juego-opengl\plantillaopengl01\main.cpp(221): warning C4244: 'argumento' : conversión de 'double' a 'GLfloat'; posible pérdida de datos
     1>c:\users\emmanuel\desktop\graficas\juego-opengl\plantillaopengl01\main.cpp(222): warning C4305: 'argumento' : truncamiento de 'double' a 'GLfloat'
     1>c:\users\emmanuel\desktop\graficas\juego-opengl\plantillaopengl01\main.cpp(231): warning C4244: 'argumento' : conversión de 'double' a 'GLfloat'; posible pérdida de datos
     1>c:\users\emmanuel\desktop\graficas\juego-opengl\plantillaopengl01\main.cpp(232): warning C4305: 'argumento' : truncamiento de 'double' a 'GLfloat'
     1>c:\users\emmanuel\desktop\graficas\juego-opengl\plantillaopengl01\main.cpp(241): warning C4244: 'argumento' : conversión de 'double' a 'GLfloat'; posible pérdida de datos
     1>c:\users\emmanuel\desktop\graficas\juego-opengl\plantillaopengl01\main.cpp(242): warning C4305: 'argumento' : truncamiento de 'double' a 'GLfloat'
     1>c:\users\emmanuel\desktop\graficas\juego-opengl\plantillaopengl01\main.cpp(252): warning C4305: 'argumento' : truncamiento de 'double' a 'GLfloat'
     1>c:\users\emmanuel\desktop\graficas\juego-opengl\plantillaopengl01\main.cpp(261): warning C4244: 'argumento' : conversión de 'double' a 'GLfloat'; posible pérdida de datos
     1>c:\users\emmanuel\desktop\graficas\juego-opengl\plantillaopengl01\main.cpp(262): warning C4305: 'argumento' : truncamiento de 'double' a 'GLfloat'
     1>c:\users\emmanuel\desktop\graficas\juego-opengl\plantillaopengl01\main.cpp(343): warning C4305: '+=' : truncamiento de 'double' a 'float'
     1>c:\users\emmanuel\desktop\graficas\juego-opengl\plantillaopengl01\main.cpp(348): warning C4305: '+=' : truncamiento de 'double' a 'float'
     1>c:\users\emmanuel\desktop\graficas\juego-opengl\plantillaopengl01\main.cpp(349): warning C4305: '+=' : truncamiento de 'double' a 'float'
     1>c:\users\emmanuel\desktop\graficas\juego-opengl\plantillaopengl01\main.cpp(405): warning C4244: 'argumento' : conversión de 'time_t' a 'unsigned int'; posible pérdida de datos
     1>c:\users\emmanuel\desktop\graficas\juego-opengl\plantillaopengl01\main.cpp(528): warning C4244: 'inicializando' : conversión de 'double' a 'float'; posible pérdida de datos
     1>c:\users\emmanuel\desktop\graficas\juego-opengl\plantillaopengl01\main.cpp(543): warning C4244: 'inicializando' : conversión de 'double' a 'float'; posible pérdida de datos
     1>c:\users\emmanuel\desktop\graficas\juego-opengl\plantillaopengl01\main.cpp(557): warning C4244: 'inicializando' : conversión de 'double' a 'float'; posible pérdida de datos
     1>c:\users\emmanuel\desktop\graficas\juego-opengl\plantillaopengl01\main.cpp(631): warning C4305: 'argumento' : truncamiento de 'double' a 'GLfloat'
     1>c:\users\emmanuel\desktop\graficas\juego-opengl\plantillaopengl01\main.cpp(636): warning C4244: '=' : conversión de 'float' a 'int'; posible pérdida de datos
     1>c:\users\emmanuel\desktop\graficas\juego-opengl\plantillaopengl01\main.cpp(642): warning C4244: '=' : conversión de 'float' a 'int'; posible pérdida de datos
     1>c:\users\emmanuel\desktop\graficas\juego-opengl\plantillaopengl01\main.cpp(739): warning C4244: 'argumento' : conversión de 'double' a 'float'; posible pérdida de datos
     1>c:\users\emmanuel\desktop\graficas\juego-opengl\plantillaopengl01\main.cpp(749): warning C4244: 'argumento' : conversión de 'double' a 'float'; posible pérdida de datos
     1>c:\users\emmanuel\desktop\graficas\juego-opengl\plantillaopengl01\main.cpp(758): warning C4244: 'argumento' : conversión de 'double' a 'float'; posible pérdida de datos
     1>c:\users\emmanuel\desktop\graficas\juego-opengl\plantillaopengl01\main.cpp(766): warning C4244: 'argumento' : conversión de 'double' a 'float'; posible pérdida de datos
     1>c:\users\emmanuel\desktop\graficas\juego-opengl\plantillaopengl01\main.cpp(781): warning C4244: 'inicializando' : conversión de 'double' a 'float'; posible pérdida de datos
     1>c:\users\emmanuel\desktop\graficas\juego-opengl\plantillaopengl01\main.cpp(782): warning C4244: 'inicializando' : conversión de 'double' a 'float'; posible pérdida de datos
     1>c:\users\emmanuel\desktop\graficas\juego-opengl\plantillaopengl01\main.cpp(802): warning C4244: 'argumento' : conversión de 'double' a 'float'; posible pérdida de datos
     1>c:\users\emmanuel\desktop\graficas\juego-opengl\plantillaopengl01\main.cpp(805): warning C4244: 'argumento' : conversión de 'double' a 'float'; posible pérdida de datos
     1>c:\users\emmanuel\desktop\graficas\juego-opengl\plantillaopengl01\main.cpp(809): warning C4244: 'argumento' : conversión de 'double' a 'float'; posible pérdida de datos
     1>c:\users\emmanuel\desktop\graficas\juego-opengl\plantillaopengl01\main.cpp(814): warning C4244: 'argumento' : conversión de 'double' a 'float'; posible pérdida de datos
     1>c:\users\emmanuel\desktop\graficas\juego-opengl\plantillaopengl01\main.cpp(839): warning C4244: 'argumento' : conversión de 'double' a 'float'; posible pérdida de datos
       Link:
         C:\Program Files (x86)\Microsoft Visual Studio 11.0\VC\bin\link.exe /ERRORREPORT:PROMPT /OUT:"C:\Users\Emmanuel\Desktop\graficas\Juego-OpenGL\Debug\PlantillaOpenGL01.exe" /INCREMENTAL /NOLOGO /LIBPATH:"C:\Program Files (x86)\Windows Kits\8.1\Lib\winv6.3\um\x86" /LIBPATH:C:\dev\opengl\freeglut\lib /LIBPATH:"C:\dev\opengl\glew-1.7.0\lib" glew32.lib freeglut.lib kernel32.lib user32.lib gdi32.lib winspool.lib comdlg32.lib advapi32.lib shell32.lib ole32.lib oleaut32.lib uuid.lib odbc32.lib odbccp32.lib /MANIFEST /MANIFESTUAC:"level='asInvoker' uiAccess='false'" /manifest:embed /DEBUG /PDB:"C:\Users\Emmanuel\Desktop\graficas\Juego-OpenGL\Debug\PlantillaOpenGL01.pdb" /SUBSYSTEM:CONSOLE /TLBID:1 /DYNAMICBASE /NXCOMPAT /IMPLIB:"C:\Users\Emmanuel\Desktop\graficas\Juego-OpenGL\Debug\PlantillaOpenGL01.lib" /MACHINE:X86 Debug\main.obj
         PlantillaOpenGL01.vcxproj -> C:\Users\Emmanuel\Desktop\graficas\Juego-OpenGL\Debug\PlantillaOpenGL01.exe
     1>Compilación del proyecto terminada "C:\Users\Emmanuel\Desktop\graficas\Juego-OpenGL\PlantillaOpenGL01\PlantillaOpenGL01.vcxproj" (Build destinos).

Compilación correcta.

Tiempo transcurrido 00:00:06.50
