Build started 27-05-2016 10:01:36 p.m..
     1>Project "C:\Users\Daniel\Documents\USB\AbrilJulio2016\GraficasI\graficas\Proyecto-Olas\PlantillaOpenGL01\PlantillaOpenGL01.vcxproj" on node 2 (Build target(s)).
     1>ClCompile:
         C:\Program Files (x86)\Microsoft Visual Studio 11.0\VC\bin\CL.exe /c /IC:\dev\opengl\freeglut\include /I"C:\dev\opengl\glew-1.7.0\include" /ZI /nologo /W3 /WX- /Od /Oy- /D WIN32 /D _DEBUG /D _CONSOLE /D _UNICODE /D UNICODE /Gm /EHsc /RTC1 /MDd /GS /fp:precise /Zc:wchar_t /Zc:forScope /Fo"Debug\\" /Fd"Debug\vc110.pdb" /Gd /TP /analyze- /errorReport:prompt main.cpp
         main.cpp
     1>c:\users\daniel\documents\usb\abriljulio2016\graficasi\graficas\proyecto-olas\plantillaopengl01\main.cpp(12): warning C4305: 'inicializando' : truncamiento de 'double' a 'float'
     1>c:\users\daniel\documents\usb\abriljulio2016\graficasi\graficas\proyecto-olas\plantillaopengl01\main.cpp(32): warning C4305: 'inicializando' : truncamiento de 'double' a 'float'
     1>c:\users\daniel\documents\usb\abriljulio2016\graficasi\graficas\proyecto-olas\plantillaopengl01\main.cpp(59): warning C4305: 'argumento' : truncamiento de 'double' a 'GLfloat'
     1>c:\users\daniel\documents\usb\abriljulio2016\graficasi\graficas\proyecto-olas\plantillaopengl01\main.cpp(59): warning C4244: 'argumento' : conversión de 'int' a 'GLfloat'; posible pérdida de datos
     1>c:\users\daniel\documents\usb\abriljulio2016\graficasi\graficas\proyecto-olas\plantillaopengl01\main.cpp(60): warning C4305: 'argumento' : truncamiento de 'double' a 'GLfloat'
     1>c:\users\daniel\documents\usb\abriljulio2016\graficasi\graficas\proyecto-olas\plantillaopengl01\main.cpp(60): warning C4244: 'argumento' : conversión de 'int' a 'GLfloat'; posible pérdida de datos
     1>c:\users\daniel\documents\usb\abriljulio2016\graficasi\graficas\proyecto-olas\plantillaopengl01\main.cpp(62): warning C4244: 'argumento' : conversión de 'int' a 'GLfloat'; posible pérdida de datos
     1>c:\users\daniel\documents\usb\abriljulio2016\graficasi\graficas\proyecto-olas\plantillaopengl01\main.cpp(62): warning C4305: 'argumento' : truncamiento de 'double' a 'GLfloat'
     1>c:\users\daniel\documents\usb\abriljulio2016\graficasi\graficas\proyecto-olas\plantillaopengl01\main.cpp(63): warning C4244: 'argumento' : conversión de 'int' a 'GLfloat'; posible pérdida de datos
     1>c:\users\daniel\documents\usb\abriljulio2016\graficasi\graficas\proyecto-olas\plantillaopengl01\main.cpp(63): warning C4305: 'argumento' : truncamiento de 'double' a 'GLfloat'
     1>c:\users\daniel\documents\usb\abriljulio2016\graficasi\graficas\proyecto-olas\plantillaopengl01\main.cpp(65): warning C4305: 'argumento' : truncamiento de 'double' a 'GLfloat'
     1>c:\users\daniel\documents\usb\abriljulio2016\graficasi\graficas\proyecto-olas\plantillaopengl01\main.cpp(65): warning C4244: 'argumento' : conversión de 'int' a 'GLfloat'; posible pérdida de datos
     1>c:\users\daniel\documents\usb\abriljulio2016\graficasi\graficas\proyecto-olas\plantillaopengl01\main.cpp(66): warning C4305: 'argumento' : truncamiento de 'double' a 'GLfloat'
     1>c:\users\daniel\documents\usb\abriljulio2016\graficasi\graficas\proyecto-olas\plantillaopengl01\main.cpp(66): warning C4244: 'argumento' : conversión de 'int' a 'GLfloat'; posible pérdida de datos
     1>c:\users\daniel\documents\usb\abriljulio2016\graficasi\graficas\proyecto-olas\plantillaopengl01\main.cpp(68): warning C4244: 'argumento' : conversión de 'int' a 'GLfloat'; posible pérdida de datos
     1>c:\users\daniel\documents\usb\abriljulio2016\graficasi\graficas\proyecto-olas\plantillaopengl01\main.cpp(68): warning C4305: 'argumento' : truncamiento de 'double' a 'GLfloat'
     1>c:\users\daniel\documents\usb\abriljulio2016\graficasi\graficas\proyecto-olas\plantillaopengl01\main.cpp(69): warning C4244: 'argumento' : conversión de 'int' a 'GLfloat'; posible pérdida de datos
     1>c:\users\daniel\documents\usb\abriljulio2016\graficasi\graficas\proyecto-olas\plantillaopengl01\main.cpp(69): warning C4305: 'argumento' : truncamiento de 'double' a 'GLfloat'
     1>c:\users\daniel\documents\usb\abriljulio2016\graficasi\graficas\proyecto-olas\plantillaopengl01\main.cpp(82): warning C4101: 'aspectratio' : variable local sin referencia
     1>c:\users\daniel\documents\usb\abriljulio2016\graficasi\graficas\proyecto-olas\plantillaopengl01\main.cpp(106): warning C4305: 'argumento' : truncamiento de 'double' a 'GLfloat'
     1>c:\users\daniel\documents\usb\abriljulio2016\graficasi\graficas\proyecto-olas\plantillaopengl01\main.cpp(108): warning C4305: 'argumento' : truncamiento de 'double' a 'GLfloat'
     1>c:\users\daniel\documents\usb\abriljulio2016\graficasi\graficas\proyecto-olas\plantillaopengl01\main.cpp(110): warning C4305: 'argumento' : truncamiento de 'double' a 'GLfloat'
     1>c:\users\daniel\documents\usb\abriljulio2016\graficasi\graficas\proyecto-olas\plantillaopengl01\main.cpp(120): warning C4305: 'argumento' : truncamiento de 'double' a 'GLfloat'
     1>c:\users\daniel\documents\usb\abriljulio2016\graficasi\graficas\proyecto-olas\plantillaopengl01\main.cpp(122): warning C4305: 'argumento' : truncamiento de 'double' a 'GLfloat'
     1>c:\users\daniel\documents\usb\abriljulio2016\graficasi\graficas\proyecto-olas\plantillaopengl01\main.cpp(162): warning C4244: '=' : conversión de 'double' a 'GLfloat'; posible pérdida de datos
     1>c:\users\daniel\documents\usb\abriljulio2016\graficasi\graficas\proyecto-olas\plantillaopengl01\main.cpp(170): warning C4305: '+=' : truncamiento de 'double' a 'float'
     1>c:\users\daniel\documents\usb\abriljulio2016\graficasi\graficas\proyecto-olas\plantillaopengl01\main.cpp(230): warning C4305: 'inicializando' : truncamiento de 'double' a 'GLfloat'
     1>c:\users\daniel\documents\usb\abriljulio2016\graficasi\graficas\proyecto-olas\plantillaopengl01\main.cpp(231): warning C4305: 'inicializando' : truncamiento de 'double' a 'GLfloat'
     1>c:\users\daniel\documents\usb\abriljulio2016\graficasi\graficas\proyecto-olas\plantillaopengl01\main.cpp(239): warning C4305: 'inicializando' : truncamiento de 'double' a 'GLfloat'
     1>c:\users\daniel\documents\usb\abriljulio2016\graficasi\graficas\proyecto-olas\plantillaopengl01\main.cpp(240): warning C4305: 'inicializando' : truncamiento de 'double' a 'GLfloat'
     1>c:\users\daniel\documents\usb\abriljulio2016\graficasi\graficas\proyecto-olas\plantillaopengl01\main.cpp(241): warning C4305: 'inicializando' : truncamiento de 'double' a 'GLfloat'
     1>c:\users\daniel\documents\usb\abriljulio2016\graficasi\graficas\proyecto-olas\plantillaopengl01\main.cpp(258): warning C4305: 'argumento' : truncamiento de 'double' a 'GLfloat'
     1>c:\users\daniel\documents\usb\abriljulio2016\graficasi\graficas\proyecto-olas\plantillaopengl01\main.cpp(261): warning C4244: '=' : conversión de 'double' a 'int'; posible pérdida de datos
     1>c:\users\daniel\documents\usb\abriljulio2016\graficasi\graficas\proyecto-olas\plantillaopengl01\main.cpp(263): warning C4244: '=' : conversión de 'double' a 'GLfloat'; posible pérdida de datos
     1>c:\users\daniel\documents\usb\abriljulio2016\graficasi\graficas\proyecto-olas\plantillaopengl01\main.cpp(268): warning C4244: '=' : conversión de 'double' a 'int'; posible pérdida de datos
     1>c:\users\daniel\documents\usb\abriljulio2016\graficasi\graficas\proyecto-olas\plantillaopengl01\main.cpp(270): warning C4244: '=' : conversión de 'double' a 'GLfloat'; posible pérdida de datos
       Link:
         C:\Program Files (x86)\Microsoft Visual Studio 11.0\VC\bin\link.exe /ERRORREPORT:PROMPT /OUT:"C:\Users\Daniel\Documents\USB\AbrilJulio2016\GraficasI\graficas\Proyecto-Olas\Debug\PlantillaOpenGL01.exe" /INCREMENTAL /NOLOGO /LIBPATH:"C:\Program Files (x86)\Windows Kits\8.1\Lib\winv6.3\um\x86" /LIBPATH:C:\dev\opengl\freeglut\lib /LIBPATH:"C:\dev\opengl\glew-1.7.0\lib" glew32.lib freeglut.lib kernel32.lib user32.lib gdi32.lib winspool.lib comdlg32.lib advapi32.lib shell32.lib ole32.lib oleaut32.lib uuid.lib odbc32.lib odbccp32.lib /MANIFEST /MANIFESTUAC:"level='asInvoker' uiAccess='false'" /manifest:embed /DEBUG /PDB:"C:\Users\Daniel\Documents\USB\AbrilJulio2016\GraficasI\graficas\Proyecto-Olas\Debug\PlantillaOpenGL01.pdb" /SUBSYSTEM:CONSOLE /TLBID:1 /DYNAMICBASE /NXCOMPAT /IMPLIB:"C:\Users\Daniel\Documents\USB\AbrilJulio2016\GraficasI\graficas\Proyecto-Olas\Debug\PlantillaOpenGL01.lib" /MACHINE:X86 Debug\main.obj
         PlantillaOpenGL01.vcxproj -> C:\Users\Daniel\Documents\USB\AbrilJulio2016\GraficasI\graficas\Proyecto-Olas\Debug\PlantillaOpenGL01.exe
     1>Done Building Project "C:\Users\Daniel\Documents\USB\AbrilJulio2016\GraficasI\graficas\Proyecto-Olas\PlantillaOpenGL01\PlantillaOpenGL01.vcxproj" (Build target(s)).

Build succeeded.

Time Elapsed 00:00:02.29
